<?xml version="1.0" encoding="UTF-8"?>
<!-- Generated by org.testng.reporters.JUnitXMLReporter -->
<testsuite ignored="2" hostname="DESKTOP-JEI5SMR" failures="0" tests="1" name="Default test" time="0.055" errors="0" timestamp="09 Oct 2021 15:44:42 GMT">
  <testcase classname="com.sriram.Maven_demo.Ab" name="javaB" time="0.021"/>
  <testcase classname="com.sriram.Maven_demo.Ab" name="forHashMapTest" time="0.0">
    <ignored/>
  </testcase> <!-- forHashMapTest -->
  <testcase classname="com.sriram.Maven_demo.Ab" name="forExceptionsTest" time="0.0">
    <ignored/>
  </testcase> <!-- forExceptionsTest -->
</testsuite> <!-- Default test -->
