<?xml version="1.0" encoding="UTF-8"?>
<testng-results ignored="2" total="3" passed="1" failed="0" skipped="0">
  <reporter-output>
  </reporter-output>
  <suite started-at="2021-10-09T15:44:42Z" name="Default suite" finished-at="2021-10-09T15:44:42Z" duration-ms="55">
    <groups>
    </groups>
    <test started-at="2021-10-09T15:44:42Z" name="Default test" finished-at="2021-10-09T15:44:42Z" duration-ms="55">
      <class name="com.sriram.Maven_demo.Ab">
        <test-method signature="javaB()[pri:0, instance:com.sriram.Maven_demo.Ab@5386659f]" started-at="2021-10-09T21:14:42Z" name="javaB" finished-at="2021-10-09T21:14:42Z" duration-ms="21" status="PASS">
          <reporter-output>
          </reporter-output>
        </test-method> <!-- javaB -->
      </class> <!-- com.sriram.Maven_demo.Ab -->
    </test> <!-- Default test -->
  </suite> <!-- Default suite -->
</testng-results>
